{"name":"Test 2: Verify order of displayed blocks","status":"skipped","statusDetails":{"known":false,"muted":false,"flaky":false,"message":"Expected condition failed: waiting for visibility of element located by By.cssSelector: a.active:nth-child(1) > span:nth-child(3) (tried for 20 second(s) with 500 milliseconds interval)","trace":"org.openqa.selenium.TimeoutException: Expected condition failed: waiting for visibility of element located by By.cssSelector: a.active:nth-child(1) > span:nth-child(3) (tried for 20 second(s) with 500 milliseconds interval)\r\n\tat org.openqa.selenium.support.ui.WebDriverWait.timeoutException(WebDriverWait.java:95)\r\n\tat org.openqa.selenium.support.ui.FluentWait.until(FluentWait.java:272)\r\n\tat pages.BasePage.waitVisibility(BasePage.java:24)\r\n\tat pages.HomePage.goToEventsPage(HomePage.java:63)\r\n\tat tests.EventsTests.orderOfDisplayedBlocks(EventsTests.java:36)\r\n\tat sun.reflect.NativeMethodAccessorImpl.invoke0(Native Method)\r\n\tat sun.reflect.NativeMethodAccessorImpl.invoke(NativeMethodAccessorImpl.java:62)\r\n\tat sun.reflect.DelegatingMethodAccessorImpl.invoke(DelegatingMethodAccessorImpl.java:43)\r\n\tat java.lang.reflect.Method.invoke(Method.java:498)\r\n\tat org.testng.internal.MethodInvocationHelper.invokeMethod(MethodInvocationHelper.java:124)\r\n\tat org.testng.internal.Invoker.invokeMethod(Invoker.java:583)\r\n\tat org.testng.internal.Invoker.invokeTestMethod(Invoker.java:719)\r\n\tat org.testng.internal.Invoker.invokeTestMethods(Invoker.java:989)\r\n\tat org.testng.internal.TestMethodWorker.invokeTestMethods(TestMethodWorker.java:125)\r\n\tat org.testng.internal.TestMethodWorker.run(TestMethodWorker.java:109)\r\n\tat java.util.concurrent.ThreadPoolExecutor.runWorker(ThreadPoolExecutor.java:1149)\r\n\tat java.util.concurrent.ThreadPoolExecutor$Worker.run(ThreadPoolExecutor.java:624)\r\n\tat java.lang.Thread.run(Thread.java:748)\r\nCaused by: org.openqa.selenium.NoSuchElementException: no such element: Unable to locate element: {\"method\":\"css selector\",\"selector\":\"a.active:nth-child(1) > span:nth-child(3)\"}\n  (Session info: chrome=87.0.4280.66)\nFor documentation on this error, please visit: https://www.seleniumhq.org/exceptions/no_such_element.html\nBuild info: version: '3.141.59', revision: 'e82be7d358', time: '2018-11-14T08:17:03'\nSystem info: host: 'LAPTOP-B77MLISK', ip: '192.168.88.12', os.name: 'Windows 10', os.arch: 'amd64', os.version: '10.0', java.version: '1.8.0_144'\nDriver info: org.openqa.selenium.remote.RemoteWebDriver\nCapabilities {acceptInsecureCerts: false, browserName: chrome, browserVersion: 87.0.4280.66, chrome: {chromedriverVersion: 87.0.4280.20 (c99e81631faa0..., userDataDir: /tmp/.com.google.Chrome.FhmNOj}, goog:chromeOptions: {debuggerAddress: localhost:33949}, javascriptEnabled: true, networkConnectionEnabled: false, pageLoadStrategy: normal, platform: LINUX, platformName: LINUX, proxy: Proxy(), setWindowRect: true, strictFileInteractability: false, timeouts: {implicit: 0, pageLoad: 300000, script: 30000}, unhandledPromptBehavior: dismiss and notify, webauthn:virtualAuthenticators: true}\nSession ID: ed9b21cf411ec70d82097463cf2a0908\n*** Element info: {Using=css selector, value=a.active:nth-child(1) > span:nth-child(3)}\r\n\tat sun.reflect.NativeConstructorAccessorImpl.newInstance0(Native Method)\r\n\tat sun.reflect.NativeConstructorAccessorImpl.newInstance(NativeConstructorAccessorImpl.java:62)\r\n\tat sun.reflect.DelegatingConstructorAccessorImpl.newInstance(DelegatingConstructorAccessorImpl.java:45)\r\n\tat java.lang.reflect.Constructor.newInstance(Constructor.java:423)\r\n\tat org.openqa.selenium.remote.http.W3CHttpResponseCodec.createException(W3CHttpResponseCodec.java:187)\r\n\tat org.openqa.selenium.remote.http.W3CHttpResponseCodec.decode(W3CHttpResponseCodec.java:122)\r\n\tat org.openqa.selenium.remote.http.W3CHttpResponseCodec.decode(W3CHttpResponseCodec.java:49)\r\n\tat org.openqa.selenium.remote.HttpCommandExecutor.execute(HttpCommandExecutor.java:158)\r\n\tat org.openqa.selenium.remote.RemoteWebDriver.execute(RemoteWebDriver.java:552)\r\n\tat org.openqa.selenium.remote.RemoteWebDriver.findElement(RemoteWebDriver.java:323)\r\n\tat org.openqa.selenium.remote.RemoteWebDriver.findElementByCssSelector(RemoteWebDriver.java:420)\r\n\tat org.openqa.selenium.By$ByCssSelector.findElement(By.java:431)\r\n\tat org.openqa.selenium.remote.RemoteWebDriver.findElement(RemoteWebDriver.java:315)\r\n\tat org.openqa.selenium.support.ui.ExpectedConditions$7.apply(ExpectedConditions.java:205)\r\n\tat org.openqa.selenium.support.ui.ExpectedConditions$7.apply(ExpectedConditions.java:201)\r\n\tat org.openqa.selenium.support.ui.FluentWait.until(FluentWait.java:249)\r\n\t... 16 more\r\n"},"stage":"finished","description":"Test Description: Verify order of displayed blocks","steps":[{"name":"Open Epam page","status":"passed","stage":"finished","steps":[],"attachments":[],"parameters":[],"start":1612777064041,"stop":1612777082327},{"name":"Go to Events page","status":"broken","statusDetails":{"known":false,"muted":false,"flaky":false,"message":"Expected condition failed: waiting for visibility of element located by By.cssSelector: a.active:nth-child(1) > span:nth-child(3) (tried for 20 second(s) with 500 milliseconds interval)","trace":"org.openqa.selenium.TimeoutException: Expected condition failed: waiting for visibility of element located by By.cssSelector: a.active:nth-child(1) > span:nth-child(3) (tried for 20 second(s) with 500 milliseconds interval)\r\n\tat org.openqa.selenium.support.ui.WebDriverWait.timeoutException(WebDriverWait.java:95)\r\n\tat org.openqa.selenium.support.ui.FluentWait.until(FluentWait.java:272)\r\n\tat pages.BasePage.waitVisibility(BasePage.java:24)\r\n\tat pages.HomePage.goToEventsPage(HomePage.java:63)\r\n\tat tests.EventsTests.orderOfDisplayedBlocks(EventsTests.java:36)\r\n\tat sun.reflect.NativeMethodAccessorImpl.invoke0(Native Method)\r\n\tat sun.reflect.NativeMethodAccessorImpl.invoke(NativeMethodAccessorImpl.java:62)\r\n\tat sun.reflect.DelegatingMethodAccessorImpl.invoke(DelegatingMethodAccessorImpl.java:43)\r\n\tat java.lang.reflect.Method.invoke(Method.java:498)\r\n\tat org.testng.internal.MethodInvocationHelper.invokeMethod(MethodInvocationHelper.java:124)\r\n\tat org.testng.internal.Invoker.invokeMethod(Invoker.java:583)\r\n\tat org.testng.internal.Invoker.invokeTestMethod(Invoker.java:719)\r\n\tat org.testng.internal.Invoker.invokeTestMethods(Invoker.java:989)\r\n\tat org.testng.internal.TestMethodWorker.invokeTestMethods(TestMethodWorker.java:125)\r\n\tat org.testng.internal.TestMethodWorker.run(TestMethodWorker.java:109)\r\n\tat java.util.concurrent.ThreadPoolExecutor.runWorker(ThreadPoolExecutor.java:1149)\r\n\tat java.util.concurrent.ThreadPoolExecutor$Worker.run(ThreadPoolExecutor.java:624)\r\n\tat java.lang.Thread.run(Thread.java:748)\r\nCaused by: org.openqa.selenium.NoSuchElementException: no such element: Unable to locate element: {\"method\":\"css selector\",\"selector\":\"a.active:nth-child(1) > span:nth-child(3)\"}\n  (Session info: chrome=87.0.4280.66)\nFor documentation on this error, please visit: https://www.seleniumhq.org/exceptions/no_such_element.html\nBuild info: version: '3.141.59', revision: 'e82be7d358', time: '2018-11-14T08:17:03'\nSystem info: host: 'LAPTOP-B77MLISK', ip: '192.168.88.12', os.name: 'Windows 10', os.arch: 'amd64', os.version: '10.0', java.version: '1.8.0_144'\nDriver info: org.openqa.selenium.remote.RemoteWebDriver\nCapabilities {acceptInsecureCerts: false, browserName: chrome, browserVersion: 87.0.4280.66, chrome: {chromedriverVersion: 87.0.4280.20 (c99e81631faa0..., userDataDir: /tmp/.com.google.Chrome.FhmNOj}, goog:chromeOptions: {debuggerAddress: localhost:33949}, javascriptEnabled: true, networkConnectionEnabled: false, pageLoadStrategy: normal, platform: LINUX, platformName: LINUX, proxy: Proxy(), setWindowRect: true, strictFileInteractability: false, timeouts: {implicit: 0, pageLoad: 300000, script: 30000}, unhandledPromptBehavior: dismiss and notify, webauthn:virtualAuthenticators: true}\nSession ID: ed9b21cf411ec70d82097463cf2a0908\n*** Element info: {Using=css selector, value=a.active:nth-child(1) > span:nth-child(3)}\r\n\tat sun.reflect.NativeConstructorAccessorImpl.newInstance0(Native Method)\r\n\tat sun.reflect.NativeConstructorAccessorImpl.newInstance(NativeConstructorAccessorImpl.java:62)\r\n\tat sun.reflect.DelegatingConstructorAccessorImpl.newInstance(DelegatingConstructorAccessorImpl.java:45)\r\n\tat java.lang.reflect.Constructor.newInstance(Constructor.java:423)\r\n\tat org.openqa.selenium.remote.http.W3CHttpResponseCodec.createException(W3CHttpResponseCodec.java:187)\r\n\tat org.openqa.selenium.remote.http.W3CHttpResponseCodec.decode(W3CHttpResponseCodec.java:122)\r\n\tat org.openqa.selenium.remote.http.W3CHttpResponseCodec.decode(W3CHttpResponseCodec.java:49)\r\n\tat org.openqa.selenium.remote.HttpCommandExecutor.execute(HttpCommandExecutor.java:158)\r\n\tat org.openqa.selenium.remote.RemoteWebDriver.execute(RemoteWebDriver.java:552)\r\n\tat org.openqa.selenium.remote.RemoteWebDriver.findElement(RemoteWebDriver.java:323)\r\n\tat org.openqa.selenium.remote.RemoteWebDriver.findElementByCssSelector(RemoteWebDriver.java:420)\r\n\tat org.openqa.selenium.By$ByCssSelector.findElement(By.java:431)\r\n\tat org.openqa.selenium.remote.RemoteWebDriver.findElement(RemoteWebDriver.java:315)\r\n\tat org.openqa.selenium.support.ui.ExpectedConditions$7.apply(ExpectedConditions.java:205)\r\n\tat org.openqa.selenium.support.ui.ExpectedConditions$7.apply(ExpectedConditions.java:201)\r\n\tat org.openqa.selenium.support.ui.FluentWait.until(FluentWait.java:249)\r\n\t... 16 more\r\n"},"stage":"finished","steps":[],"attachments":[],"parameters":[],"start":1612777082330,"stop":1612777121708}],"attachments":[],"parameters":[{"name":"browser","value":"chrome"}],"start":1612777064008,"stop":1612777125229,"uuid":"04149123-0564-4b60-b688-88727285dccf","historyId":"f83660f09d38752d85753a09c6a33332","fullName":"tests.EventsTests.orderOfDisplayedBlocks","labels":[{"name":"package","value":"tests.EventsTests"},{"name":"testClass","value":"tests.EventsTests"},{"name":"testMethod","value":"orderOfDisplayedBlocks"},{"name":"parentSuite","value":"Test Suite"},{"name":"suite","value":"EventTest"},{"name":"subSuite","value":"tests.EventsTests"},{"name":"host","value":"LAPTOP-B77MLISK"},{"name":"thread","value":"7852@LAPTOP-B77MLISK.TestNG-test=EventTest-3(14)"},{"name":"framework","value":"testng"},{"name":"language","value":"java"},{"name":"story","value":"Verify upcoming events"},{"name":"epic","value":"Regression Tests"},{"name":"feature","value":"Event Tests"},{"name":"severity","value":"critical"}],"links":[]}