{"name":"Test 4: Verify Past Events in Canada","status":"skipped","statusDetails":{"known":false,"muted":false,"flaky":false,"message":"expected [12] but found [756]","trace":"java.lang.AssertionError: expected [12] but found [756]\r\n\tat org.testng.Assert.fail(Assert.java:96)\r\n\tat org.testng.Assert.failNotEquals(Assert.java:776)\r\n\tat org.testng.Assert.assertEqualsImpl(Assert.java:137)\r\n\tat org.testng.Assert.assertEquals(Assert.java:118)\r\n\tat org.testng.Assert.assertEquals(Assert.java:652)\r\n\tat org.testng.Assert.assertEquals(Assert.java:662)\r\n\tat pages.HomePage.verifyEvents(HomePage.java:86)\r\n\tat tests.EventsTests.pastEventsCanada(EventsTests.java:62)\r\n\tat sun.reflect.NativeMethodAccessorImpl.invoke0(Native Method)\r\n\tat sun.reflect.NativeMethodAccessorImpl.invoke(NativeMethodAccessorImpl.java:62)\r\n\tat sun.reflect.DelegatingMethodAccessorImpl.invoke(DelegatingMethodAccessorImpl.java:43)\r\n\tat java.lang.reflect.Method.invoke(Method.java:498)\r\n\tat org.testng.internal.MethodInvocationHelper.invokeMethod(MethodInvocationHelper.java:124)\r\n\tat org.testng.internal.Invoker.invokeMethod(Invoker.java:583)\r\n\tat org.testng.internal.Invoker.invokeTestMethod(Invoker.java:719)\r\n\tat org.testng.internal.Invoker.invokeTestMethods(Invoker.java:989)\r\n\tat org.testng.internal.TestMethodWorker.invokeTestMethods(TestMethodWorker.java:125)\r\n\tat org.testng.internal.TestMethodWorker.run(TestMethodWorker.java:109)\r\n\tat org.testng.TestRunner.privateRun(TestRunner.java:648)\r\n\tat org.testng.TestRunner.run(TestRunner.java:505)\r\n\tat org.testng.SuiteRunner.runTest(SuiteRunner.java:455)\r\n\tat org.testng.SuiteRunner.runSequentially(SuiteRunner.java:450)\r\n\tat org.testng.SuiteRunner.privateRun(SuiteRunner.java:415)\r\n\tat org.testng.SuiteRunner.run(SuiteRunner.java:364)\r\n\tat org.testng.SuiteRunnerWorker.runSuite(SuiteRunnerWorker.java:52)\r\n\tat org.testng.SuiteRunnerWorker.run(SuiteRunnerWorker.java:84)\r\n\tat org.testng.TestNG.runSuitesSequentially(TestNG.java:1208)\r\n\tat org.testng.TestNG.runSuitesLocally(TestNG.java:1137)\r\n\tat org.testng.TestNG.runSuites(TestNG.java:1049)\r\n\tat org.testng.TestNG.run(TestNG.java:1017)\r\n\tat com.intellij.rt.testng.IDEARemoteTestNG.run(IDEARemoteTestNG.java:66)\r\n\tat com.intellij.rt.testng.RemoteTestNGStarter.main(RemoteTestNGStarter.java:109)\r\n"},"stage":"finished","description":"Test Description: Verify date of past events","steps":[{"name":"Open Epam page","status":"passed","stage":"finished","steps":[],"attachments":[],"parameters":[],"start":1612524069107,"stop":1612524069936},{"name":"Go to Events page","status":"passed","stage":"finished","steps":[],"attachments":[],"parameters":[],"start":1612524069936,"stop":1612524072128},{"name":"Verify dates of past events in Canada","status":"passed","stage":"finished","steps":[],"attachments":[],"parameters":[],"start":1612524072128,"stop":1612524073655},{"name":"Verify number of events","status":"failed","statusDetails":{"known":false,"muted":false,"flaky":false,"message":"expected [12] but found [756]","trace":"java.lang.AssertionError: expected [12] but found [756]\r\n\tat org.testng.Assert.fail(Assert.java:96)\r\n\tat org.testng.Assert.failNotEquals(Assert.java:776)\r\n\tat org.testng.Assert.assertEqualsImpl(Assert.java:137)\r\n\tat org.testng.Assert.assertEquals(Assert.java:118)\r\n\tat org.testng.Assert.assertEquals(Assert.java:652)\r\n\tat org.testng.Assert.assertEquals(Assert.java:662)\r\n\tat pages.HomePage.verifyEvents(HomePage.java:86)\r\n\tat tests.EventsTests.pastEventsCanada(EventsTests.java:62)\r\n\tat sun.reflect.NativeMethodAccessorImpl.invoke0(Native Method)\r\n\tat sun.reflect.NativeMethodAccessorImpl.invoke(NativeMethodAccessorImpl.java:62)\r\n\tat sun.reflect.DelegatingMethodAccessorImpl.invoke(DelegatingMethodAccessorImpl.java:43)\r\n\tat java.lang.reflect.Method.invoke(Method.java:498)\r\n\tat org.testng.internal.MethodInvocationHelper.invokeMethod(MethodInvocationHelper.java:124)\r\n\tat org.testng.internal.Invoker.invokeMethod(Invoker.java:583)\r\n\tat org.testng.internal.Invoker.invokeTestMethod(Invoker.java:719)\r\n\tat org.testng.internal.Invoker.invokeTestMethods(Invoker.java:989)\r\n\tat org.testng.internal.TestMethodWorker.invokeTestMethods(TestMethodWorker.java:125)\r\n\tat org.testng.internal.TestMethodWorker.run(TestMethodWorker.java:109)\r\n\tat org.testng.TestRunner.privateRun(TestRunner.java:648)\r\n\tat org.testng.TestRunner.run(TestRunner.java:505)\r\n\tat org.testng.SuiteRunner.runTest(SuiteRunner.java:455)\r\n\tat org.testng.SuiteRunner.runSequentially(SuiteRunner.java:450)\r\n\tat org.testng.SuiteRunner.privateRun(SuiteRunner.java:415)\r\n\tat org.testng.SuiteRunner.run(SuiteRunner.java:364)\r\n\tat org.testng.SuiteRunnerWorker.runSuite(SuiteRunnerWorker.java:52)\r\n\tat org.testng.SuiteRunnerWorker.run(SuiteRunnerWorker.java:84)\r\n\tat org.testng.TestNG.runSuitesSequentially(TestNG.java:1208)\r\n\tat org.testng.TestNG.runSuitesLocally(TestNG.java:1137)\r\n\tat org.testng.TestNG.runSuites(TestNG.java:1049)\r\n\tat org.testng.TestNG.run(TestNG.java:1017)\r\n\tat com.intellij.rt.testng.IDEARemoteTestNG.run(IDEARemoteTestNG.java:66)\r\n\tat com.intellij.rt.testng.RemoteTestNGStarter.main(RemoteTestNGStarter.java:109)\r\n"},"stage":"finished","steps":[],"attachments":[],"parameters":[{"name":"counter","value":"By.cssSelector: a.active:nth-child(1) > span:nth-child(3)"},{"name":"events","value":"By.xpath: //div[@class='evnt-cards-container']"},{"name":"numberEvents","value":"By.xpath: //div[contains(@class, 'evnt-event-card')]"}],"start":1612524073655,"stop":1612524073740}],"attachments":[],"parameters":[],"start":1612524069107,"stop":1612524074476,"uuid":"c9fc59cb-69ff-4f4d-a2fb-29319a06e225","historyId":"fed0a0475de038efba049ba90bce934","fullName":"tests.EventsTests.pastEventsCanada","labels":[{"name":"package","value":"tests.EventsTests"},{"name":"testClass","value":"tests.EventsTests"},{"name":"testMethod","value":"pastEventsCanada"},{"name":"parentSuite","value":"Test Suite"},{"name":"suite","value":"EventTest"},{"name":"subSuite","value":"tests.EventsTests"},{"name":"host","value":"LAPTOP-B77MLISK"},{"name":"thread","value":"9628@LAPTOP-B77MLISK.main(1)"},{"name":"framework","value":"testng"},{"name":"language","value":"java"},{"name":"story","value":"Verify past events"},{"name":"epic","value":"Regression Tests"},{"name":"feature","value":"Event Tests"},{"name":"severity","value":"blocker"}],"links":[]}